2025-03-29 12:04:20 INFO  Main:148 - Вы осуществили передвижение на клетку(1,2)
2025-03-29 12:04:24 INFO  Main:148 - Вы осуществили передвижение на клетку(2,3)
2025-03-29 12:04:24 INFO  Main:193 - Враг 1 переместился на (1, 4).
2025-03-29 12:04:27 INFO  Main:295 - Вы осуществили атаку на противника и убили 10 противников 1 типа
2025-03-29 12:04:27 INFO  Main:165 - Вы победили
2025-03-29 12:05:51 INFO  Main:148 - Вы осуществили передвижение на клетку(1,2)
2025-03-29 12:05:54 INFO  Main:148 - Вы осуществили передвижение на клетку(2,3)
2025-03-29 12:05:56 INFO  Main:148 - Вы осуществили передвижение на клетку(3,3)
2025-03-29 12:05:56 INFO  Main:193 - Враг 1 переместился на (1, 4).
2025-03-29 12:06:00 INFO  Main:295 - Вы осуществили атаку на противника и убили 6 противников 1 типа
2025-03-29 12:06:00 INFO  Main:165 - Вы победили
2025-03-29 12:06:02 INFO  Main:35 - Вы наткнулись на полицию
2025-03-29 12:06:12 INFO  Main:148 - Вы осуществили передвижение на клетку(1,2)
2025-03-29 12:06:15 INFO  Main:148 - Вы осуществили передвижение на клетку(2,3)
2025-03-29 12:06:16 INFO  Main:148 - Вы осуществили передвижение на клетку(3,3)
2025-03-29 12:06:16 INFO  Main:193 - Враг 1 переместился на (1, 4).
2025-03-29 12:06:16 INFO  Main:193 - Враг 2 переместился на (2, 4).
2025-03-29 12:06:16 INFO  Main:193 - Враг 3 переместился на (3, 4).
2025-03-29 12:06:21 INFO  Main:295 - Вы осуществили атаку на противника и убили 8 противников 2 типа
2025-03-29 12:06:24 INFO  Main:295 - Вы осуществили атаку на противника и убили 9 противников 3 типа
2025-03-29 12:06:24 INFO  Main:314 - Противник 3 атаковал студента на позиции (3, 3) и теперь 4 студентов вам не помогают.
2025-03-29 12:06:27 INFO  Main:148 - Вы осуществили передвижение на клетку(1,3)
2025-03-29 12:06:30 INFO  Main:116 - Вы не осуществили передвижение
2025-03-29 12:06:31 INFO  Main:116 - Вы не осуществили передвижение
2025-03-29 12:06:51 INFO  Main:295 - Вы осуществили атаку на противника и убили 10 противников 1 типа
2025-03-29 12:06:59 INFO  Main:295 - Вы осуществили атаку на противника и убили 6 противников 3 типа
2025-03-29 12:06:59 INFO  Main:165 - Вы победили
2025-03-29 12:11:40 INFO  Main:314 - Противник 2 атаковал студента на позиции (2, 2) и теперь 2 студентов вам не помогают.
2025-03-29 12:11:40 INFO  Main:314 - Противник 5 атаковал студента на позиции (5, 1) и теперь 1 студентов вам не помогают.
2025-03-29 12:11:40 INFO  Main:193 - Враг 1 переместился на (1, 4).
2025-03-29 12:11:40 INFO  Main:193 - Враг 2 переместился на (2, 3).
2025-03-29 12:11:40 INFO  Main:193 - Враг 3 переместился на (2, 4).
2025-03-29 12:11:40 INFO  Main:193 - Враг 4 переместился на (4, 2).
2025-03-29 12:11:40 INFO  Main:193 - Враг 5 переместился на (5, 2).
2025-03-29 12:11:40 INFO  Main:148 - Вы осуществили передвижение на клетку(2,2)
2025-03-29 12:11:40 ERROR Main:130 - Вы не осуществили передвижение, т к выбранная клетка была за границей вашего поля или длины шага
2025-03-29 12:11:40 ERROR Main:130 - Вы не осуществили передвижение, т к выбранная клетка была за границей вашего поля или длины шага
2025-03-29 12:11:40 ERROR Main:138 - Вы не осуществили передвижение, т к позиция занята
2025-03-29 12:11:40 ERROR Main:138 - Вы не осуществили передвижение, т к позиция занята
2025-03-29 12:11:40 INFO  Main:295 - Вы осуществили атаку на противника и убили 0 противников 5 типа
2025-03-29 12:11:40 INFO  Main:295 - Вы осуществили атаку на противника и убили 1 противников 1 типа
2025-03-29 12:12:51 INFO  Main:148 - Вы осуществили передвижение на клетку(1,2)
2025-03-29 12:12:51 INFO  Main:148 - Вы осуществили передвижение на клетку(1,4)
2025-03-29 12:12:51 INFO  Main:295 - Вы осуществили атаку на противника и убили 1 противников 1 типа
2025-03-29 12:12:51 INFO  Main:165 - Вы победили
2025-03-29 12:12:51 INFO  Main:148 - Вы осуществили передвижение на клетку(1,2)
2025-03-29 12:12:51 INFO  Main:193 - Враг 1 переместился на (1, 4).
2025-03-29 12:12:51 INFO  Main:148 - Вы осуществили передвижение на клетку(1,3)
2025-03-29 12:12:51 INFO  Main:295 - Вы осуществили атаку на противника и убили 0 противников 1 типа
2025-03-29 12:12:51 INFO  Main:314 - Противник 1 атаковал студента на позиции (1, 3) и теперь 1 студентов вам не помогают.
2025-03-29 12:12:51 INFO  Main:161 - Вы проиграли
2025-03-29 12:12:51 INFO  Main:148 - Вы осуществили передвижение на клетку(1,2)
2025-03-29 12:12:51 INFO  Main:193 - Враг 1 переместился на (1, 4).
2025-03-29 12:12:51 INFO  Main:148 - Вы осуществили передвижение на клетку(1,3)
2025-03-29 12:12:51 INFO  Main:295 - Вы осуществили атаку на противника и убили 10 противников 1 типа
2025-03-29 12:12:51 INFO  Main:165 - Вы победили
2025-03-29 12:12:51 INFO  Main:161 - Вы проиграли
2025-03-29 12:12:51 INFO  Main:42 - Вы наткнулись на ректора
2025-03-29 12:12:51 INFO  Main:148 - Вы осуществили передвижение на клетку(5,3)
2025-03-29 12:12:51 INFO  Main:193 - Враг 5 переместился на (5, 4).
2025-03-29 12:12:51 INFO  Main:295 - Вы осуществили атаку на противника и убили 5 противников 5 типа
2025-03-29 12:12:51 INFO  Main:165 - Вы победили
2025-03-29 12:12:51 INFO  Main:35 - Вы наткнулись на полицию
2025-03-29 12:12:51 INFO  Main:148 - Вы осуществили передвижение на клетку(1,3)
2025-03-29 12:12:51 INFO  Main:148 - Вы осуществили передвижение на клетку(2,3)
2025-03-29 12:12:51 INFO  Main:148 - Вы осуществили передвижение на клетку(3,3)
2025-03-29 12:12:51 INFO  Main:193 - Враг 1 переместился на (1, 4).
2025-03-29 12:12:51 INFO  Main:193 - Враг 2 переместился на (2, 4).
2025-03-29 12:12:51 INFO  Main:193 - Враг 3 переместился на (3, 4).
2025-03-29 12:12:51 INFO  Main:295 - Вы осуществили атаку на противника и убили 10 противников 1 типа
2025-03-29 12:12:51 INFO  Main:295 - Вы осуществили атаку на противника и убили 8 противников 2 типа
2025-03-29 12:12:51 INFO  Main:295 - Вы осуществили атаку на противника и убили 15 противников 3 типа
2025-03-29 12:12:51 INFO  Main:165 - Вы победили
2025-03-29 12:12:51 INFO  Main:148 - Вы осуществили передвижение на клетку(2,2)
2025-03-29 12:12:51 INFO  Main:193 - Враг 1 переместился на (2, 4).
2025-03-29 12:12:51 INFO  Main:193 - Враг 5 переместился на (2, 3).
2025-03-29 12:12:51 INFO  Main:295 - Вы осуществили атаку на противника и убили 0 противников 5 типа
2025-03-29 12:12:51 INFO  Main:314 - Противник 5 атаковал студента на позиции (2, 2) и теперь 6 студентов вам не помогают.
2025-03-29 12:12:51 INFO  Main:161 - Вы проиграли
2025-03-29 12:12:51 INFO  Main:35 - Вы наткнулись на полицию
2025-03-29 12:12:51 INFO  Main:148 - Вы осуществили передвижение на клетку(1,2)
2025-03-29 12:12:51 INFO  Main:193 - Враг 1 переместился на (1, 4).
2025-03-29 12:12:51 INFO  Main:193 - Враг 2 переместился на (1, 5).
2025-03-29 12:12:51 INFO  Main:193 - Враг 3 переместился на (2, 3).
2025-03-29 12:12:51 INFO  Main:295 - Вы осуществили атаку на противника и убили 2 противников 3 типа
2025-03-29 12:12:51 INFO  Main:314 - Противник 3 атаковал студента на позиции (1, 2) и теперь 6 студентов вам не помогают.
2025-03-29 12:12:51 INFO  Main:161 - Вы проиграли
2025-03-29 12:12:51 INFO  Main:42 - Вы наткнулись на ректора
2025-03-29 12:12:51 INFO  Main:148 - Вы осуществили передвижение на клетку(2,2)
2025-03-29 12:12:51 INFO  Main:193 - Враг 5 переместился на (2, 3).
2025-03-29 12:12:51 INFO  Main:295 - Вы осуществили атаку на противника и убили 0 противников 5 типа
2025-03-29 12:12:51 INFO  Main:314 - Противник 5 атаковал студента на позиции (2, 2) и теперь 6 студентов вам не помогают.
2025-03-29 12:12:51 INFO  Main:161 - Вы проиграли
2025-03-29 12:12:51 INFO  Main:165 - Вы победили
2025-03-29 12:57:56 INFO  Main:148 - Вы осуществили передвижение на клетку(1,2)
2025-03-29 12:57:56 INFO  Main:148 - Вы осуществили передвижение на клетку(1,4)
2025-03-29 12:57:56 INFO  Main:295 - Вы осуществили атаку на противника и убили 1 противников 1 типа
2025-03-29 12:57:56 INFO  Main:165 - Вы победили
2025-03-29 12:57:56 INFO  Main:148 - Вы осуществили передвижение на клетку(1,2)
2025-03-29 12:57:56 INFO  Main:193 - Враг 1 переместился на (1, 4).
2025-03-29 12:57:56 INFO  Main:148 - Вы осуществили передвижение на клетку(1,3)
2025-03-29 12:57:56 INFO  Main:295 - Вы осуществили атаку на противника и убили 0 противников 1 типа
2025-03-29 12:57:56 INFO  Main:314 - Противник 1 атаковал студента на позиции (1, 3) и теперь 1 студентов вам не помогают.
2025-03-29 12:57:56 INFO  Main:161 - Вы проиграли
2025-03-29 12:57:56 INFO  Main:148 - Вы осуществили передвижение на клетку(1,2)
2025-03-29 12:57:56 INFO  Main:193 - Враг 1 переместился на (1, 4).
2025-03-29 12:57:56 INFO  Main:148 - Вы осуществили передвижение на клетку(1,3)
2025-03-29 12:57:56 INFO  Main:295 - Вы осуществили атаку на противника и убили 10 противников 1 типа
2025-03-29 12:57:56 INFO  Main:165 - Вы победили
2025-03-29 12:57:56 INFO  Main:161 - Вы проиграли
2025-03-29 12:57:56 INFO  Main:42 - Вы наткнулись на ректора
2025-03-29 12:57:56 INFO  Main:148 - Вы осуществили передвижение на клетку(5,3)
2025-03-29 12:57:56 INFO  Main:193 - Враг 5 переместился на (5, 4).
2025-03-29 12:57:56 INFO  Main:295 - Вы осуществили атаку на противника и убили 5 противников 5 типа
2025-03-29 12:57:56 INFO  Main:165 - Вы победили
2025-03-29 12:57:56 INFO  Main:35 - Вы наткнулись на полицию
2025-03-29 12:57:56 INFO  Main:148 - Вы осуществили передвижение на клетку(1,3)
2025-03-29 12:57:56 INFO  Main:148 - Вы осуществили передвижение на клетку(2,3)
2025-03-29 12:57:56 INFO  Main:148 - Вы осуществили передвижение на клетку(3,3)
2025-03-29 12:57:56 INFO  Main:193 - Враг 1 переместился на (1, 4).
2025-03-29 12:57:56 INFO  Main:193 - Враг 2 переместился на (2, 4).
2025-03-29 12:57:56 INFO  Main:193 - Враг 3 переместился на (3, 4).
2025-03-29 12:57:56 INFO  Main:295 - Вы осуществили атаку на противника и убили 10 противников 1 типа
2025-03-29 12:57:56 INFO  Main:295 - Вы осуществили атаку на противника и убили 8 противников 2 типа
2025-03-29 12:57:56 INFO  Main:295 - Вы осуществили атаку на противника и убили 15 противников 3 типа
2025-03-29 12:57:56 INFO  Main:165 - Вы победили
2025-03-29 12:57:56 INFO  Main:148 - Вы осуществили передвижение на клетку(2,2)
2025-03-29 12:57:56 INFO  Main:193 - Враг 1 переместился на (2, 4).
2025-03-29 12:57:56 INFO  Main:193 - Враг 5 переместился на (2, 3).
2025-03-29 12:57:56 INFO  Main:295 - Вы осуществили атаку на противника и убили 0 противников 5 типа
2025-03-29 12:57:56 INFO  Main:314 - Противник 5 атаковал студента на позиции (2, 2) и теперь 6 студентов вам не помогают.
2025-03-29 12:57:56 INFO  Main:161 - Вы проиграли
2025-03-29 12:57:56 INFO  Main:35 - Вы наткнулись на полицию
2025-03-29 12:57:56 INFO  Main:148 - Вы осуществили передвижение на клетку(1,2)
2025-03-29 12:57:56 INFO  Main:193 - Враг 1 переместился на (1, 4).
2025-03-29 12:57:56 INFO  Main:193 - Враг 2 переместился на (1, 5).
2025-03-29 12:57:56 INFO  Main:193 - Враг 3 переместился на (2, 3).
2025-03-29 12:57:56 INFO  Main:295 - Вы осуществили атаку на противника и убили 2 противников 3 типа
2025-03-29 12:57:56 INFO  Main:314 - Противник 3 атаковал студента на позиции (1, 2) и теперь 6 студентов вам не помогают.
2025-03-29 12:57:56 INFO  Main:161 - Вы проиграли
2025-03-29 12:57:56 INFO  Main:42 - Вы наткнулись на ректора
2025-03-29 12:57:56 INFO  Main:148 - Вы осуществили передвижение на клетку(2,2)
2025-03-29 12:57:56 INFO  Main:193 - Враг 5 переместился на (2, 3).
2025-03-29 12:57:56 INFO  Main:295 - Вы осуществили атаку на противника и убили 0 противников 5 типа
2025-03-29 12:57:56 INFO  Main:314 - Противник 5 атаковал студента на позиции (2, 2) и теперь 6 студентов вам не помогают.
2025-03-29 12:57:56 INFO  Main:161 - Вы проиграли
2025-03-29 12:57:56 INFO  Main:165 - Вы победили
2025-03-29 12:58:23 INFO  Main:314 - Противник 2 атаковал студента на позиции (2, 2) и теперь 2 студентов вам не помогают.
2025-03-29 12:58:23 INFO  Main:314 - Противник 5 атаковал студента на позиции (5, 1) и теперь 1 студентов вам не помогают.
2025-03-29 12:58:23 INFO  Main:193 - Враг 1 переместился на (1, 4).
2025-03-29 12:58:23 INFO  Main:193 - Враг 2 переместился на (2, 3).
2025-03-29 12:58:23 INFO  Main:193 - Враг 3 переместился на (2, 4).
2025-03-29 12:58:23 INFO  Main:193 - Враг 4 переместился на (4, 2).
2025-03-29 12:58:23 INFO  Main:193 - Враг 5 переместился на (5, 2).
2025-03-29 12:58:23 INFO  Main:148 - Вы осуществили передвижение на клетку(2,2)
2025-03-29 12:58:23 ERROR Main:130 - Вы не осуществили передвижение, т к выбранная клетка была за границей вашего поля или длины шага
2025-03-29 12:58:23 ERROR Main:130 - Вы не осуществили передвижение, т к выбранная клетка была за границей вашего поля или длины шага
2025-03-29 12:58:23 ERROR Main:138 - Вы не осуществили передвижение, т к позиция занята
2025-03-29 12:58:23 ERROR Main:138 - Вы не осуществили передвижение, т к позиция занята
2025-03-29 12:58:23 INFO  Main:295 - Вы осуществили атаку на противника и убили 0 противников 5 типа
2025-03-29 12:58:23 INFO  Main:295 - Вы осуществили атаку на противника и убили 1 противников 1 типа
2025-03-29 12:58:58 INFO  Main:148 - Вы осуществили передвижение на клетку(1,2)
2025-03-29 12:58:58 INFO  Main:148 - Вы осуществили передвижение на клетку(1,4)
2025-03-29 12:58:58 INFO  Main:295 - Вы осуществили атаку на противника и убили 1 противников 1 типа
2025-03-29 12:58:58 INFO  Main:165 - Вы победили
2025-03-29 12:58:58 INFO  Main:148 - Вы осуществили передвижение на клетку(1,2)
2025-03-29 12:58:58 INFO  Main:193 - Враг 1 переместился на (1, 4).
2025-03-29 12:58:58 INFO  Main:148 - Вы осуществили передвижение на клетку(1,3)
2025-03-29 12:58:58 INFO  Main:295 - Вы осуществили атаку на противника и убили 0 противников 1 типа
2025-03-29 12:58:58 INFO  Main:314 - Противник 1 атаковал студента на позиции (1, 3) и теперь 1 студентов вам не помогают.
2025-03-29 12:58:58 INFO  Main:161 - Вы проиграли
2025-03-29 12:58:58 INFO  Main:148 - Вы осуществили передвижение на клетку(1,2)
2025-03-29 12:58:58 INFO  Main:193 - Враг 1 переместился на (1, 4).
2025-03-29 12:58:58 INFO  Main:148 - Вы осуществили передвижение на клетку(1,3)
2025-03-29 12:58:58 INFO  Main:295 - Вы осуществили атаку на противника и убили 10 противников 1 типа
2025-03-29 12:58:58 INFO  Main:165 - Вы победили
2025-03-29 12:58:58 INFO  Main:161 - Вы проиграли
2025-03-29 12:58:58 INFO  Main:42 - Вы наткнулись на ректора
2025-03-29 12:58:58 INFO  Main:148 - Вы осуществили передвижение на клетку(5,3)
2025-03-29 12:58:58 INFO  Main:193 - Враг 5 переместился на (5, 4).
2025-03-29 12:58:58 INFO  Main:295 - Вы осуществили атаку на противника и убили 5 противников 5 типа
2025-03-29 12:58:58 INFO  Main:165 - Вы победили
2025-03-29 12:58:58 INFO  Main:35 - Вы наткнулись на полицию
2025-03-29 12:58:58 INFO  Main:148 - Вы осуществили передвижение на клетку(1,3)
2025-03-29 12:58:58 INFO  Main:148 - Вы осуществили передвижение на клетку(2,3)
2025-03-29 12:58:58 INFO  Main:148 - Вы осуществили передвижение на клетку(3,3)
2025-03-29 12:58:58 INFO  Main:193 - Враг 1 переместился на (1, 4).
2025-03-29 12:58:58 INFO  Main:193 - Враг 2 переместился на (2, 4).
2025-03-29 12:58:58 INFO  Main:193 - Враг 3 переместился на (3, 4).
2025-03-29 12:58:58 INFO  Main:295 - Вы осуществили атаку на противника и убили 10 противников 1 типа
2025-03-29 12:58:58 INFO  Main:295 - Вы осуществили атаку на противника и убили 8 противников 2 типа
2025-03-29 12:58:58 INFO  Main:295 - Вы осуществили атаку на противника и убили 15 противников 3 типа
2025-03-29 12:58:58 INFO  Main:165 - Вы победили
2025-03-29 12:58:58 INFO  Main:148 - Вы осуществили передвижение на клетку(2,2)
2025-03-29 12:58:58 INFO  Main:193 - Враг 1 переместился на (2, 4).
2025-03-29 12:58:58 INFO  Main:193 - Враг 5 переместился на (2, 3).
2025-03-29 12:58:58 INFO  Main:295 - Вы осуществили атаку на противника и убили 0 противников 5 типа
2025-03-29 12:58:58 INFO  Main:314 - Противник 5 атаковал студента на позиции (2, 2) и теперь 6 студентов вам не помогают.
2025-03-29 12:58:58 INFO  Main:161 - Вы проиграли
2025-03-29 12:58:58 INFO  Main:35 - Вы наткнулись на полицию
2025-03-29 12:58:58 INFO  Main:148 - Вы осуществили передвижение на клетку(1,2)
2025-03-29 12:58:58 INFO  Main:193 - Враг 1 переместился на (1, 4).
2025-03-29 12:58:58 INFO  Main:193 - Враг 2 переместился на (1, 5).
2025-03-29 12:58:58 INFO  Main:193 - Враг 3 переместился на (2, 3).
2025-03-29 12:58:58 INFO  Main:295 - Вы осуществили атаку на противника и убили 2 противников 3 типа
2025-03-29 12:58:58 INFO  Main:314 - Противник 3 атаковал студента на позиции (1, 2) и теперь 6 студентов вам не помогают.
2025-03-29 12:58:58 INFO  Main:161 - Вы проиграли
2025-03-29 12:58:58 INFO  Main:42 - Вы наткнулись на ректора
2025-03-29 12:58:58 INFO  Main:148 - Вы осуществили передвижение на клетку(2,2)
2025-03-29 12:58:58 INFO  Main:193 - Враг 5 переместился на (2, 3).
2025-03-29 12:58:58 INFO  Main:295 - Вы осуществили атаку на противника и убили 0 противников 5 типа
2025-03-29 12:58:58 INFO  Main:314 - Противник 5 атаковал студента на позиции (2, 2) и теперь 6 студентов вам не помогают.
2025-03-29 12:58:58 INFO  Main:161 - Вы проиграли
2025-03-29 12:58:58 INFO  Main:165 - Вы победили
2025-03-29 13:02:24 INFO  Main:148 - Вы осуществили передвижение на клетку(1,2)
2025-03-29 13:02:41 ERROR Main:130 - Вы не осуществили передвижение, т к выбранная клетка была за границей вашего поля или длины шага
2025-03-29 13:02:41 INFO  Main:193 - Враг 1 переместился на (1, 4).
2025-03-29 13:03:02 INFO  Main:148 - Вы осуществили передвижение на клетку(1,3)
2025-03-29 13:03:06 INFO  Main:148 - Вы осуществили передвижение на клетку(2,3)
2025-03-29 13:03:13 WARN  Main:291 - Вы не можете атаковать пустую или далекую клетку
2025-03-29 13:03:19 INFO  Main:295 - Вы осуществили атаку на противника и убили 10 противников 1 типа
2025-03-29 13:03:19 INFO  Main:165 - Вы победили
2025-03-29 13:22:32 INFO  Main:148 - Вы осуществили передвижение на клетку(1,2)
2025-03-29 13:22:32 INFO  Main:148 - Вы осуществили передвижение на клетку(1,4)
2025-03-29 13:22:32 INFO  Main:295 - Вы осуществили атаку на противника и убили 1 противников 1 типа
2025-03-29 13:22:32 INFO  Main:165 - Вы победили
2025-03-29 13:22:32 INFO  Main:148 - Вы осуществили передвижение на клетку(1,2)
2025-03-29 13:22:32 INFO  Main:193 - Враг 1 переместился на (1, 4).
2025-03-29 13:22:32 INFO  Main:148 - Вы осуществили передвижение на клетку(1,3)
2025-03-29 13:22:32 INFO  Main:295 - Вы осуществили атаку на противника и убили 0 противников 1 типа
2025-03-29 13:22:32 INFO  Main:314 - Противник 1 атаковал студента на позиции (1, 3) и теперь 1 студентов вам не помогают.
2025-03-29 13:22:32 INFO  Main:161 - Вы проиграли
2025-03-29 13:22:32 INFO  Main:148 - Вы осуществили передвижение на клетку(1,2)
2025-03-29 13:22:32 INFO  Main:193 - Враг 1 переместился на (1, 4).
2025-03-29 13:22:32 INFO  Main:148 - Вы осуществили передвижение на клетку(1,3)
2025-03-29 13:22:32 INFO  Main:295 - Вы осуществили атаку на противника и убили 10 противников 1 типа
2025-03-29 13:22:32 INFO  Main:165 - Вы победили
2025-03-29 13:22:32 INFO  Main:161 - Вы проиграли
2025-03-29 13:22:32 INFO  Main:42 - Вы наткнулись на ректора
2025-03-29 13:22:32 INFO  Main:148 - Вы осуществили передвижение на клетку(5,3)
2025-03-29 13:22:32 INFO  Main:193 - Враг 5 переместился на (5, 4).
2025-03-29 13:22:32 INFO  Main:295 - Вы осуществили атаку на противника и убили 5 противников 5 типа
2025-03-29 13:22:32 INFO  Main:165 - Вы победили
2025-03-29 13:22:32 INFO  Main:35 - Вы наткнулись на полицию
2025-03-29 13:22:32 INFO  Main:148 - Вы осуществили передвижение на клетку(1,3)
2025-03-29 13:22:32 INFO  Main:148 - Вы осуществили передвижение на клетку(2,3)
2025-03-29 13:22:32 INFO  Main:148 - Вы осуществили передвижение на клетку(3,3)
2025-03-29 13:22:32 INFO  Main:193 - Враг 1 переместился на (1, 4).
2025-03-29 13:22:32 INFO  Main:193 - Враг 2 переместился на (2, 4).
2025-03-29 13:22:32 INFO  Main:193 - Враг 3 переместился на (3, 4).
2025-03-29 13:22:32 INFO  Main:295 - Вы осуществили атаку на противника и убили 10 противников 1 типа
2025-03-29 13:22:32 INFO  Main:295 - Вы осуществили атаку на противника и убили 8 противников 2 типа
2025-03-29 13:22:32 INFO  Main:295 - Вы осуществили атаку на противника и убили 15 противников 3 типа
2025-03-29 13:22:32 INFO  Main:165 - Вы победили
2025-03-29 13:22:32 INFO  Main:148 - Вы осуществили передвижение на клетку(2,2)
2025-03-29 13:22:32 INFO  Main:193 - Враг 1 переместился на (2, 4).
2025-03-29 13:22:32 INFO  Main:193 - Враг 5 переместился на (2, 3).
2025-03-29 13:22:32 INFO  Main:295 - Вы осуществили атаку на противника и убили 0 противников 5 типа
2025-03-29 13:22:32 INFO  Main:314 - Противник 5 атаковал студента на позиции (2, 2) и теперь 6 студентов вам не помогают.
2025-03-29 13:22:32 INFO  Main:161 - Вы проиграли
2025-03-29 13:22:32 INFO  Main:35 - Вы наткнулись на полицию
2025-03-29 13:22:32 INFO  Main:148 - Вы осуществили передвижение на клетку(1,2)
2025-03-29 13:22:32 INFO  Main:193 - Враг 1 переместился на (1, 4).
2025-03-29 13:22:32 INFO  Main:193 - Враг 2 переместился на (1, 5).
2025-03-29 13:22:32 INFO  Main:193 - Враг 3 переместился на (2, 3).
2025-03-29 13:22:32 INFO  Main:295 - Вы осуществили атаку на противника и убили 2 противников 3 типа
2025-03-29 13:22:32 INFO  Main:314 - Противник 3 атаковал студента на позиции (1, 2) и теперь 6 студентов вам не помогают.
2025-03-29 13:22:32 INFO  Main:161 - Вы проиграли
2025-03-29 13:22:32 INFO  Main:42 - Вы наткнулись на ректора
2025-03-29 13:22:32 INFO  Main:148 - Вы осуществили передвижение на клетку(2,2)
2025-03-29 13:22:32 INFO  Main:193 - Враг 5 переместился на (2, 3).
2025-03-29 13:22:32 INFO  Main:295 - Вы осуществили атаку на противника и убили 0 противников 5 типа
2025-03-29 13:22:32 INFO  Main:314 - Противник 5 атаковал студента на позиции (2, 2) и теперь 6 студентов вам не помогают.
2025-03-29 13:22:32 INFO  Main:161 - Вы проиграли
2025-03-29 13:22:32 INFO  Main:165 - Вы победили
2025-04-25 02:24:26 INFO  Main:148 - Вы осуществили передвижение на клетку(1,2)
2025-04-25 02:24:26 INFO  Main:148 - Вы осуществили передвижение на клетку(1,4)
2025-04-25 02:24:26 INFO  Main:295 - Вы осуществили атаку на противника и убили 1 противников 1 типа
2025-04-25 02:24:26 INFO  Main:166 - Вы победили
2025-04-25 02:24:26 INFO  Main:148 - Вы осуществили передвижение на клетку(1,2)
2025-04-25 02:24:26 INFO  Main:193 - Враг 1 переместился на (1, 4).
2025-04-25 02:24:26 INFO  Main:148 - Вы осуществили передвижение на клетку(1,3)
2025-04-25 02:24:26 INFO  Main:295 - Вы осуществили атаку на противника и убили 0 противников 1 типа
2025-04-25 02:24:26 INFO  Main:314 - Противник 1 атаковал студента на позиции (1, 3) и теперь 1 студентов вам не помогают.
2025-04-25 02:24:26 INFO  Main:162 - Вы проиграли
2025-04-25 02:24:26 INFO  Main:148 - Вы осуществили передвижение на клетку(1,2)
2025-04-25 02:24:26 INFO  Main:193 - Враг 1 переместился на (1, 4).
2025-04-25 02:24:26 INFO  Main:148 - Вы осуществили передвижение на клетку(1,3)
2025-04-25 02:24:26 INFO  Main:295 - Вы осуществили атаку на противника и убили 10 противников 1 типа
2025-04-25 02:24:26 INFO  Main:166 - Вы победили
2025-04-25 02:24:26 INFO  Main:162 - Вы проиграли
2025-04-25 02:24:26 INFO  Main:43 - Вы наткнулись на ректора
2025-04-25 02:24:26 INFO  Main:148 - Вы осуществили передвижение на клетку(5,3)
2025-04-25 02:24:26 INFO  Main:193 - Враг 5 переместился на (5, 4).
2025-04-25 02:24:26 INFO  Main:295 - Вы осуществили атаку на противника и убили 5 противников 5 типа
2025-04-25 02:24:26 INFO  Main:166 - Вы победили
2025-04-25 02:24:26 INFO  Main:36 - Вы наткнулись на полицию
2025-04-25 02:24:26 INFO  Main:148 - Вы осуществили передвижение на клетку(1,3)
2025-04-25 02:24:26 INFO  Main:148 - Вы осуществили передвижение на клетку(2,3)
2025-04-25 02:24:26 INFO  Main:148 - Вы осуществили передвижение на клетку(3,3)
2025-04-25 02:24:26 INFO  Main:193 - Враг 1 переместился на (1, 4).
2025-04-25 02:24:26 INFO  Main:193 - Враг 2 переместился на (2, 4).
2025-04-25 02:24:26 INFO  Main:193 - Враг 3 переместился на (3, 4).
2025-04-25 02:24:26 INFO  Main:295 - Вы осуществили атаку на противника и убили 10 противников 1 типа
2025-04-25 02:24:26 INFO  Main:295 - Вы осуществили атаку на противника и убили 8 противников 2 типа
2025-04-25 02:24:26 INFO  Main:295 - Вы осуществили атаку на противника и убили 15 противников 3 типа
2025-04-25 02:24:26 INFO  Main:166 - Вы победили
2025-04-25 02:24:26 INFO  Main:148 - Вы осуществили передвижение на клетку(2,2)
2025-04-25 02:24:26 INFO  Main:193 - Враг 1 переместился на (2, 4).
2025-04-25 02:24:26 INFO  Main:193 - Враг 5 переместился на (2, 3).
2025-04-25 02:24:26 INFO  Main:295 - Вы осуществили атаку на противника и убили 0 противников 5 типа
2025-04-25 02:24:26 INFO  Main:314 - Противник 5 атаковал студента на позиции (2, 2) и теперь 6 студентов вам не помогают.
2025-04-25 02:24:26 INFO  Main:162 - Вы проиграли
2025-04-25 02:24:26 INFO  Main:36 - Вы наткнулись на полицию
2025-04-25 02:24:26 INFO  Main:148 - Вы осуществили передвижение на клетку(1,2)
2025-04-25 02:24:26 INFO  Main:193 - Враг 1 переместился на (1, 4).
2025-04-25 02:24:26 INFO  Main:193 - Враг 2 переместился на (1, 5).
2025-04-25 02:24:26 INFO  Main:193 - Враг 3 переместился на (2, 3).
2025-04-25 02:24:26 INFO  Main:295 - Вы осуществили атаку на противника и убили 2 противников 3 типа
2025-04-25 02:24:26 INFO  Main:314 - Противник 3 атаковал студента на позиции (1, 2) и теперь 6 студентов вам не помогают.
2025-04-25 02:24:26 INFO  Main:162 - Вы проиграли
2025-04-25 02:24:26 INFO  Main:43 - Вы наткнулись на ректора
2025-04-25 02:24:26 INFO  Main:148 - Вы осуществили передвижение на клетку(2,2)
2025-04-25 02:24:26 INFO  Main:193 - Враг 5 переместился на (2, 3).
2025-04-25 02:24:26 INFO  Main:295 - Вы осуществили атаку на противника и убили 0 противников 5 типа
2025-04-25 02:24:26 INFO  Main:314 - Противник 5 атаковал студента на позиции (2, 2) и теперь 6 студентов вам не помогают.
2025-04-25 02:24:26 INFO  Main:162 - Вы проиграли
2025-04-25 02:24:26 INFO  Main:166 - Вы победили
2025-04-25 02:48:52 INFO  Main:148 - Вы осуществили передвижение на клетку(2,2)
2025-04-25 02:48:52 INFO  Main:193 - Враг 1 переместился на (2, 4).
2025-04-25 02:48:56 INFO  Main:148 - Вы осуществили передвижение на клетку(2,3)
2025-04-25 02:49:01 INFO  Main:295 - Вы осуществили атаку на противника и убили 10 противников 1 типа
2025-04-25 02:49:01 INFO  Main:166 - Вы победили
2025-04-26 01:52:04 INFO  Main:148 - Вы осуществили передвижение на клетку(1,2)
2025-04-26 01:52:19 INFO  Main:148 - Вы осуществили передвижение на клетку(2,3)
2025-04-26 01:52:19 INFO  Main:193 - Враг 1 переместился на (1, 4).
2025-04-26 01:52:24 INFO  Main:295 - Вы осуществили атаку на противника и убили 10 противников 1 типа
2025-04-26 01:52:24 INFO  Main:170 - Вы победили
2025-04-26 01:55:08 INFO  Main:116 - Вы не осуществили передвижение
2025-04-26 01:55:09 INFO  Main:116 - Вы не осуществили передвижение
2025-04-26 01:55:09 INFO  Main:193 - Враг 1 переместился на (1, 4).
2025-04-26 01:55:15 INFO  Main:116 - Вы не осуществили передвижение
2025-04-26 01:55:19 INFO  Main:148 - Вы осуществили передвижение на клетку(2,3)
2025-04-26 01:55:19 INFO  Main:193 - Враг 1 переместился на (2, 4).
2025-04-26 01:55:24 INFO  Main:295 - Вы осуществили атаку на противника и убили 10 противников 1 типа
2025-04-26 01:55:24 INFO  Main:170 - Вы победили
2025-04-26 02:20:13 INFO  Main:116 - Вы не осуществили передвижение
2025-04-26 02:20:17 INFO  Main:148 - Вы осуществили передвижение на клетку(2,3)
2025-04-26 02:20:17 INFO  Main:193 - Враг 1 переместился на (2, 4).
2025-04-26 02:20:23 INFO  Main:295 - Вы осуществили атаку на противника и убили 10 противников 1 типа
2025-04-26 02:20:23 INFO  Main:170 - Вы победили
2025-04-26 02:51:50 INFO  Main:116 - Вы не осуществили передвижение
2025-04-26 02:51:53 INFO  Main:148 - Вы осуществили передвижение на клетку(2,3)
2025-04-26 02:51:53 INFO  Main:193 - Враг 1 переместился на (2, 4).
2025-04-26 02:51:55 INFO  Main:295 - Вы осуществили атаку на противника и убили 10 противников 1 типа
2025-04-26 02:51:55 INFO  Main:170 - Вы победили
2025-04-26 02:54:31 INFO  Main:116 - Вы не осуществили передвижение
2025-04-26 02:54:34 INFO  Main:148 - Вы осуществили передвижение на клетку(2,3)
2025-04-26 02:54:34 INFO  Main:193 - Враг 1 переместился на (2, 4).
2025-04-26 02:54:36 INFO  Main:295 - Вы осуществили атаку на противника и убили 10 противников 1 типа
2025-04-26 02:54:36 INFO  Main:170 - Вы победили
2025-04-26 02:55:36 INFO  Main:116 - Вы не осуществили передвижение
2025-04-26 02:55:41 INFO  Main:148 - Вы осуществили передвижение на клетку(2,3)
2025-04-26 02:55:41 INFO  Main:193 - Враг 1 переместился на (2, 4).
2025-04-26 02:55:44 INFO  Main:295 - Вы осуществили атаку на противника и убили 10 противников 1 типа
2025-04-26 02:55:44 INFO  Main:170 - Вы победили
2025-04-26 05:02:19 INFO  Main:116 - Вы не осуществили передвижение
2025-04-26 05:02:24 INFO  Main:148 - Вы осуществили передвижение на клетку(2,3)
2025-04-26 05:02:24 INFO  Main:193 - Враг 1 переместился на (2, 4).
2025-04-26 05:02:26 INFO  Main:295 - Вы осуществили атаку на противника и убили 10 противников 1 типа
2025-04-26 05:02:26 INFO  Main:171 - Вы победили
2025-04-26 05:06:42 INFO  Main:116 - Вы не осуществили передвижение
2025-04-26 05:06:45 INFO  Main:148 - Вы осуществили передвижение на клетку(2,3)
2025-04-26 05:06:45 INFO  Main:193 - Враг 1 переместился на (2, 4).
2025-04-26 05:06:48 INFO  Main:295 - Вы осуществили атаку на противника и убили 10 противников 1 типа
2025-04-26 05:06:48 INFO  Main:171 - Вы победили
2025-04-26 05:29:32 INFO  Main:116 - Вы не осуществили передвижение
2025-04-26 05:29:32 INFO  Main:193 - Враг 1 переместился на (1, 4).
2025-04-26 05:29:33 INFO  Main:116 - Вы не осуществили передвижение
2025-04-26 05:29:33 INFO  Main:193 - Враг 1 переместился на (1, 3).
2025-04-26 05:29:34 INFO  Main:116 - Вы не осуществили передвижение
2025-04-26 05:29:34 INFO  Main:193 - Враг 1 переместился на (1, 2).
2025-04-26 05:29:38 INFO  Main:295 - Вы осуществили атаку на противника и убили 4 противников 1 типа
2025-04-26 05:29:38 INFO  Main:314 - Противник 1 атаковал студента на позиции (1, 1) и теперь 4 студентов вам не помогают.
2025-04-26 05:29:48 ERROR Main:138 - Вы не осуществили передвижение, т к позиция занята
2025-04-26 05:29:56 INFO  Main:295 - Вы осуществили атаку на противника и убили 1 противников 1 типа
2025-04-26 05:29:56 INFO  Main:314 - Противник 1 атаковал студента на позиции (1, 1) и теперь 2 студентов вам не помогают.
2025-04-26 05:29:56 INFO  Main:167 - Вы проиграли
